<?xml version="1.0" encoding="UTF-8"?>
<!-- Generated by org.testng.reporters.JUnitXMLReporter -->
<testsuite hostname="ML-J5P86S2" ignored="0" name="Default test" tests="15" failures="0" timestamp="23 Apr 2019 05:41:39 GMT" time="62.922" errors="0">
  <testcase name="hamburgerTest" time="4.488" classname="TestCases.ALLTest"/>
  <testcase name="LandingSearchBeforeloggedIn" time="4.433" classname="TestCases.ALLTest"/>
  <testcase name="register" time="2.798" classname="TestCases.ALLTest"/>
  <testcase name="GeneralSettingsTest" time="5.341" classname="TestCases.ALLTest"/>
  <testcase name="RefineTest" time="2.113" classname="TestCases.ALLTest"/>
  <testcase name="advsearchbox" time="2.278" classname="TestCases.ALLTest"/>
  <testcase name="LandingSearchAfterLoggedIn" time="3.242" classname="TestCases.ALLTest"/>
  <testcase name="hamburgerTestMyLibrary" time="3.599" classname="TestCases.ALLTest"/>
  <testcase name="LandingWall" time="4.09" classname="TestCases.ALLTest"/>
  <testcase name="Checkout" time="5.297" classname="TestCases.ALLTest"/>
  <testcase name="Hold" time="7.103" classname="TestCases.ALLTest"/>
  <testcase name="MystuffCheckout" time="7.334" classname="TestCases.ALLTest"/>
  <testcase name="MystuffHold" time="2.122" classname="TestCases.ALLTest"/>
  <testcase name="MystuffWhislist" time="2.089" classname="TestCases.ALLTest"/>
  <testcase name="logout" time="1.776" classname="TestCases.ALLTest"/>
</testsuite> <!-- Default test -->
